This file contains any messages produced by compilers while
running configure, to aid debugging if configure makes a mistake.

It was created by ViennaRNA configure 2.1.9, which was
generated by GNU Autoconf 2.69.  Invocation command line was

  $ ./configure 

## --------- ##
## Platform. ##
## --------- ##

hostname = tefor.net
uname -m = x86_64
uname -r = 3.13.0-77-generic
uname -s = Linux
uname -v = #121-Ubuntu SMP Wed Jan 20 10:50:42 UTC 2016

/usr/bin/uname -p = unknown
/bin/uname -X     = unknown

/bin/arch              = unknown
/usr/bin/arch -k       = unknown
/usr/convex/getsysinfo = unknown
/usr/bin/hostinfo      = unknown
/bin/machine           = unknown
/usr/bin/oslevel       = unknown
/bin/universe          = unknown

PATH: /cluster/home/max/usr/bin
PATH: /cluster/software/bin
PATH: /usr/bin
PATH: /sbin
PATH: /usr/local/bin
PATH: /home/max/software/bin/
PATH: /home/max/projects/pubs/tools
PATH: /cluster/bin/x86_64
PATH: /home/max/bin/x86_64
PATH: /hive/data/outside/genbank/bin/x86_64/
PATH: /hive/groups/gencode/local/bin
PATH: /usr/bin
PATH: /bin
PATH: /usr/bin/X11
PATH: /home/max/usr/scripts
PATH: /home/max/usr/scripts/oneshot
PATH: /home/max/bin
PATH: /cluster/bin/scripts
PATH: .
PATH: /home/max/usr/bin
PATH: /cluster/home/markd/bin
PATH: /projects/sysbio/dev/perl/Tools/
PATH: /parasol/bin/
PATH: /cluster/home/max/usr/sbin
PATH: /home/max/bin/scripts
PATH: /cluster/home/max/usr/bin
PATH: /cluster/software/bin
PATH: /usr/bin
PATH: /sbin
PATH: /usr/local/bin
PATH: /home/max/software/bin/
PATH: /home/max/projects/pubs/tools
PATH: /cluster/bin/x86_64
PATH: /home/max/bin/x86_64
PATH: /hive/data/outside/genbank/bin/x86_64/
PATH: /hive/groups/gencode/local/bin
PATH: /usr/bin
PATH: /bin
PATH: /usr/bin/X11
PATH: /home/max/usr/scripts
PATH: /home/max/usr/scripts/oneshot
PATH: /home/max/bin
PATH: /cluster/bin/scripts
PATH: .
PATH: /home/max/usr/bin
PATH: /cluster/home/markd/bin
PATH: /projects/sysbio/dev/perl/Tools/
PATH: /parasol/bin/
PATH: /cluster/home/max/usr/sbin
PATH: /home/max/bin/scripts
PATH: /usr/local/sbin
PATH: /usr/local/bin
PATH: /usr/sbin
PATH: /usr/bin
PATH: /sbin
PATH: /bin
PATH: /usr/games
PATH: /usr/sbin
PATH: /opt/ec2-api-tools/bin
PATH: /usr/sbin
PATH: /opt/ec2-api-tools/bin


## ----------- ##
## Core tests. ##
## ----------- ##

configure:2493: checking whether make supports nested variables
configure:2510: result: no
configure:2537: checking for a BSD-compatible install
configure:2605: result: /usr/bin/install -c
configure:2616: checking whether build environment is sane
configure:2671: result: yes
configure:2709: WARNING: 'missing' script is too old or missing
configure:2822: checking for a thread-safe mkdir -p
configure:2861: result: /bin/mkdir -p
configure:2868: checking for gawk
configure:2884: found /usr/bin/gawk
configure:2895: result: gawk
configure:2906: checking whether make sets $(MAKE)
configure:2928: result: yes
configure:3023: checking if malloc debugging is wanted
configure:3041: result: no
configure:3057: checking build system type
configure:3071: result: x86_64-unknown-linux-gnu
configure:3091: checking host system type
configure:3104: result: x86_64-unknown-linux-gnu
configure:3183: checking for g++
configure:3199: found /usr/bin/g++
configure:3210: result: g++
configure:3237: checking for C++ compiler version
configure:3246: g++ --version >&5
g++ (Ubuntu 4.8.4-2ubuntu1~14.04.3) 4.8.4
Copyright (C) 2013 Free Software Foundation, Inc.
This is free software; see the source for copying conditions.  There is NO
warranty; not even for MERCHANTABILITY or FITNESS FOR A PARTICULAR PURPOSE.

configure:3257: $? = 0
configure:3246: g++ -v >&5
Using built-in specs.
COLLECT_GCC=g++
COLLECT_LTO_WRAPPER=/usr/lib/gcc/x86_64-linux-gnu/4.8/lto-wrapper
Target: x86_64-linux-gnu
Configured with: ../src/configure -v --with-pkgversion='Ubuntu 4.8.4-2ubuntu1~14.04.3' --with-bugurl=file:///usr/share/doc/gcc-4.8/README.Bugs --enable-languages=c,c++,java,go,d,fortran,objc,obj-c++ --prefix=/usr --program-suffix=-4.8 --enable-shared --enable-linker-build-id --libexecdir=/usr/lib --without-included-gettext --enable-threads=posix --with-gxx-include-dir=/usr/include/c++/4.8 --libdir=/usr/lib --enable-nls --with-sysroot=/ --enable-clocale=gnu --enable-libstdcxx-debug --enable-libstdcxx-time=yes --enable-gnu-unique-object --disable-libmudflap --enable-plugin --with-system-zlib --disable-browser-plugin --enable-java-awt=gtk --enable-gtk-cairo --with-java-home=/usr/lib/jvm/java-1.5.0-gcj-4.8-amd64/jre --enable-java-home --with-jvm-root-dir=/usr/lib/jvm/java-1.5.0-gcj-4.8-amd64 --with-jvm-jar-dir=/usr/lib/jvm-exports/java-1.5.0-gcj-4.8-amd64 --with-arch-directory=amd64 --with-ecj-jar=/usr/share/java/eclipse-ecj.jar --enable-objc-gc --enable-multiarch --disable-werror --with-arch-32=i686 --with-abi=m64 --with-multilib-list=m32,m64,mx32 --with-tune=generic --enable-checking=release --build=x86_64-linux-gnu --host=x86_64-linux-gnu --target=x86_64-linux-gnu
Thread model: posix
gcc version 4.8.4 (Ubuntu 4.8.4-2ubuntu1~14.04.3) 
configure:3257: $? = 0
configure:3246: g++ -V >&5
g++: error: unrecognized command line option '-V'
g++: fatal error: no input files
compilation terminated.
configure:3257: $? = 4
configure:3246: g++ -qversion >&5
g++: error: unrecognized command line option '-qversion'
g++: fatal error: no input files
compilation terminated.
configure:3257: $? = 4
configure:3277: checking whether the C++ compiler works
configure:3299: g++    conftest.cpp  >&5
configure:3303: $? = 0
configure:3351: result: yes
configure:3354: checking for C++ compiler default output file name
configure:3356: result: a.out
configure:3362: checking for suffix of executables
configure:3369: g++ -o conftest    conftest.cpp  >&5
configure:3373: $? = 0
configure:3395: result: 
configure:3417: checking whether we are cross compiling
configure:3425: g++ -o conftest    conftest.cpp  >&5
configure:3429: $? = 0
configure:3436: ./conftest
configure:3440: $? = 0
configure:3455: result: no
configure:3460: checking for suffix of object files
configure:3482: g++ -c   conftest.cpp >&5
configure:3486: $? = 0
configure:3507: result: o
configure:3511: checking whether we are using the GNU C++ compiler
configure:3530: g++ -c   conftest.cpp >&5
configure:3530: $? = 0
configure:3539: result: yes
configure:3548: checking whether g++ accepts -g
configure:3568: g++ -c -g  conftest.cpp >&5
configure:3568: $? = 0
configure:3609: result: yes
configure:3643: checking for style of include used by make
configure:3671: result: GNU
configure:3697: checking dependency style of g++
configure:3808: result: gcc3
configure:3828: checking how to run the C++ preprocessor
configure:3855: g++ -E  conftest.cpp
configure:3855: $? = 0
configure:3869: g++ -E  conftest.cpp
conftest.cpp:11:28: fatal error: ac_nonexistent.h: No such file or directory
 #include <ac_nonexistent.h>
                            ^
compilation terminated.
configure:3869: $? = 1
configure: failed program was:
| /* confdefs.h */
| #define PACKAGE_NAME "ViennaRNA"
| #define PACKAGE_TARNAME "ViennaRNA"
| #define PACKAGE_VERSION "2.1.9"
| #define PACKAGE_STRING "ViennaRNA 2.1.9"
| #define PACKAGE_BUGREPORT "rna@tbi.univie.ac.at"
| #define PACKAGE_URL "http://www.tbi.univie.ac.at/RNA"
| #define PACKAGE "ViennaRNA"
| #define VERSION "2.1.9"
| /* end confdefs.h.  */
| #include <ac_nonexistent.h>
configure:3894: result: g++ -E
configure:3914: g++ -E  conftest.cpp
configure:3914: $? = 0
configure:3928: g++ -E  conftest.cpp
conftest.cpp:11:28: fatal error: ac_nonexistent.h: No such file or directory
 #include <ac_nonexistent.h>
                            ^
compilation terminated.
configure:3928: $? = 1
configure: failed program was:
| /* confdefs.h */
| #define PACKAGE_NAME "ViennaRNA"
| #define PACKAGE_TARNAME "ViennaRNA"
| #define PACKAGE_VERSION "2.1.9"
| #define PACKAGE_STRING "ViennaRNA 2.1.9"
| #define PACKAGE_BUGREPORT "rna@tbi.univie.ac.at"
| #define PACKAGE_URL "http://www.tbi.univie.ac.at/RNA"
| #define PACKAGE "ViennaRNA"
| #define VERSION "2.1.9"
| /* end confdefs.h.  */
| #include <ac_nonexistent.h>
configure:4004: checking for gcc
configure:4020: found /usr/bin/gcc
configure:4031: result: gcc
configure:4260: checking for C compiler version
configure:4269: gcc --version >&5
gcc (Ubuntu 4.8.4-2ubuntu1~14.04.3) 4.8.4
Copyright (C) 2013 Free Software Foundation, Inc.
This is free software; see the source for copying conditions.  There is NO
warranty; not even for MERCHANTABILITY or FITNESS FOR A PARTICULAR PURPOSE.

configure:4280: $? = 0
configure:4269: gcc -v >&5
Using built-in specs.
COLLECT_GCC=gcc
COLLECT_LTO_WRAPPER=/usr/lib/gcc/x86_64-linux-gnu/4.8/lto-wrapper
Target: x86_64-linux-gnu
Configured with: ../src/configure -v --with-pkgversion='Ubuntu 4.8.4-2ubuntu1~14.04.3' --with-bugurl=file:///usr/share/doc/gcc-4.8/README.Bugs --enable-languages=c,c++,java,go,d,fortran,objc,obj-c++ --prefix=/usr --program-suffix=-4.8 --enable-shared --enable-linker-build-id --libexecdir=/usr/lib --without-included-gettext --enable-threads=posix --with-gxx-include-dir=/usr/include/c++/4.8 --libdir=/usr/lib --enable-nls --with-sysroot=/ --enable-clocale=gnu --enable-libstdcxx-debug --enable-libstdcxx-time=yes --enable-gnu-unique-object --disable-libmudflap --enable-plugin --with-system-zlib --disable-browser-plugin --enable-java-awt=gtk --enable-gtk-cairo --with-java-home=/usr/lib/jvm/java-1.5.0-gcj-4.8-amd64/jre --enable-java-home --with-jvm-root-dir=/usr/lib/jvm/java-1.5.0-gcj-4.8-amd64 --with-jvm-jar-dir=/usr/lib/jvm-exports/java-1.5.0-gcj-4.8-amd64 --with-arch-directory=amd64 --with-ecj-jar=/usr/share/java/eclipse-ecj.jar --enable-objc-gc --enable-multiarch --disable-werror --with-arch-32=i686 --with-abi=m64 --with-multilib-list=m32,m64,mx32 --with-tune=generic --enable-checking=release --build=x86_64-linux-gnu --host=x86_64-linux-gnu --target=x86_64-linux-gnu
Thread model: posix
gcc version 4.8.4 (Ubuntu 4.8.4-2ubuntu1~14.04.3) 
configure:4280: $? = 0
configure:4269: gcc -V >&5
gcc: error: unrecognized command line option '-V'
gcc: fatal error: no input files
compilation terminated.
configure:4280: $? = 4
configure:4269: gcc -qversion >&5
gcc: error: unrecognized command line option '-qversion'
gcc: fatal error: no input files
compilation terminated.
configure:4280: $? = 4
configure:4284: checking whether we are using the GNU C compiler
configure:4303: gcc -c   conftest.c >&5
configure:4303: $? = 0
configure:4312: result: yes
configure:4321: checking whether gcc accepts -g
configure:4341: gcc -c -g  conftest.c >&5
configure:4341: $? = 0
configure:4382: result: yes
configure:4399: checking for gcc option to accept ISO C89
configure:4462: gcc  -c -g -O2  conftest.c >&5
configure:4462: $? = 0
configure:4475: result: none needed
configure:4497: checking dependency style of gcc
configure:4608: result: gcc3
configure:4628: checking how to run the C preprocessor
configure:4659: gcc -E  conftest.c
configure:4659: $? = 0
configure:4673: gcc -E  conftest.c
conftest.c:11:28: fatal error: ac_nonexistent.h: No such file or directory
 #include <ac_nonexistent.h>
                            ^
compilation terminated.
configure:4673: $? = 1
configure: failed program was:
| /* confdefs.h */
| #define PACKAGE_NAME "ViennaRNA"
| #define PACKAGE_TARNAME "ViennaRNA"
| #define PACKAGE_VERSION "2.1.9"
| #define PACKAGE_STRING "ViennaRNA 2.1.9"
| #define PACKAGE_BUGREPORT "rna@tbi.univie.ac.at"
| #define PACKAGE_URL "http://www.tbi.univie.ac.at/RNA"
| #define PACKAGE "ViennaRNA"
| #define VERSION "2.1.9"
| /* end confdefs.h.  */
| #include <ac_nonexistent.h>
configure:4698: result: gcc -E
configure:4718: gcc -E  conftest.c
configure:4718: $? = 0
configure:4732: gcc -E  conftest.c
conftest.c:11:28: fatal error: ac_nonexistent.h: No such file or directory
 #include <ac_nonexistent.h>
                            ^
compilation terminated.
configure:4732: $? = 1
configure: failed program was:
| /* confdefs.h */
| #define PACKAGE_NAME "ViennaRNA"
| #define PACKAGE_TARNAME "ViennaRNA"
| #define PACKAGE_VERSION "2.1.9"
| #define PACKAGE_STRING "ViennaRNA 2.1.9"
| #define PACKAGE_BUGREPORT "rna@tbi.univie.ac.at"
| #define PACKAGE_URL "http://www.tbi.univie.ac.at/RNA"
| #define PACKAGE "ViennaRNA"
| #define VERSION "2.1.9"
| /* end confdefs.h.  */
| #include <ac_nonexistent.h>
configure:4763: checking whether gcc accepts -fpic
configure:4779: gcc -c -fpic  conftest.c >&5
configure:4779: $? = 0
configure:4786: result: yes
configure:4850: checking for ranlib
configure:4866: found /usr/bin/ranlib
configure:4877: result: ranlib
configure:4899: checking whether make sets $(MAKE)
configure:4921: result: yes
configure:4930: checking for grep that handles long lines and -e
configure:4988: result: /bin/grep
configure:4994: checking whether gcc and cc understand -c and -o together
configure:5025: gcc -c conftest.c -o conftest2.o >&5
configure:5029: $? = 0
configure:5035: gcc -c conftest.c -o conftest2.o >&5
configure:5039: $? = 0
configure:5050: cc -c conftest.c >&5
configure:5054: $? = 0
configure:5062: cc -c conftest.c -o conftest2.o >&5
configure:5066: $? = 0
configure:5072: cc -c conftest.c -o conftest2.o >&5
configure:5076: $? = 0
configure:5094: result: yes
configure:5130: checking for gcc option to support OpenMP
configure:5145: gcc -o conftest -g -O2   conftest.c  >&5
conftest.c:14:2: error: unknown type name 'choke'
  choke me
  ^
In file included from conftest.c:16:0:
/usr/lib/gcc/x86_64-linux-gnu/4.8/include/omp.h:34:1: error: expected '=', ',', ';', 'asm' or '__attribute__' before 'typedef'
 typedef struct
 ^
configure:5145: $? = 1
configure: failed program was:
| /* confdefs.h */
| #define PACKAGE_NAME "ViennaRNA"
| #define PACKAGE_TARNAME "ViennaRNA"
| #define PACKAGE_VERSION "2.1.9"
| #define PACKAGE_STRING "ViennaRNA 2.1.9"
| #define PACKAGE_BUGREPORT "rna@tbi.univie.ac.at"
| #define PACKAGE_URL "http://www.tbi.univie.ac.at/RNA"
| #define PACKAGE "ViennaRNA"
| #define VERSION "2.1.9"
| #define UNUSED __attribute__ ((unused))
| /* end confdefs.h.  */
| 
| #ifndef _OPENMP
|  choke me
| #endif
| #include <omp.h>
| int main () { return omp_get_num_threads (); }
| 
configure:5163: gcc -o conftest -g -O2 -fopenmp   conftest.c  >&5
configure:5163: $? = 0
configure:5177: result: -fopenmp
configure:5190: checking for exp in -lm
configure:5215: gcc -o conftest -g -O2   conftest.c -lm   >&5
conftest.c:19:6: warning: conflicting types for built-in function 'exp' [enabled by default]
 char exp ();
      ^
configure:5215: $? = 0
configure:5224: result: yes
configure:5237: checking for egrep
configure:5299: result: /bin/grep -E
configure:5304: checking for ANSI C header files
configure:5324: gcc -c -g -O2  conftest.c >&5
configure:5324: $? = 0
configure:5397: gcc -o conftest -g -O2   conftest.c -lm  >&5
configure:5397: $? = 0
configure:5397: ./conftest
configure:5397: $? = 0
configure:5408: result: yes
configure:5421: checking for sys/types.h
configure:5421: gcc -c -g -O2  conftest.c >&5
configure:5421: $? = 0
configure:5421: result: yes
configure:5421: checking for sys/stat.h
configure:5421: gcc -c -g -O2  conftest.c >&5
configure:5421: $? = 0
configure:5421: result: yes
configure:5421: checking for stdlib.h
configure:5421: gcc -c -g -O2  conftest.c >&5
configure:5421: $? = 0
configure:5421: result: yes
configure:5421: checking for string.h
configure:5421: gcc -c -g -O2  conftest.c >&5
configure:5421: $? = 0
configure:5421: result: yes
configure:5421: checking for memory.h
configure:5421: gcc -c -g -O2  conftest.c >&5
configure:5421: $? = 0
configure:5421: result: yes
configure:5421: checking for strings.h
configure:5421: gcc -c -g -O2  conftest.c >&5
configure:5421: $? = 0
configure:5421: result: yes
configure:5421: checking for inttypes.h
configure:5421: gcc -c -g -O2  conftest.c >&5
configure:5421: $? = 0
configure:5421: result: yes
configure:5421: checking for stdint.h
configure:5421: gcc -c -g -O2  conftest.c >&5
configure:5421: $? = 0
configure:5421: result: yes
configure:5421: checking for unistd.h
configure:5421: gcc -c -g -O2  conftest.c >&5
configure:5421: $? = 0
configure:5421: result: yes
configure:5433: checking for stdbool.h that conforms to C99
configure:5500: gcc -c -g -O2  conftest.c >&5
configure:5500: $? = 0
configure:5507: result: yes
configure:5509: checking for _Bool
configure:5509: gcc -c -g -O2  conftest.c >&5
configure:5509: $? = 0
configure:5509: gcc -c -g -O2  conftest.c >&5
conftest.c: In function 'main':
conftest.c:59:20: error: expected expression before ')' token
 if (sizeof ((_Bool)))
                    ^
configure:5509: $? = 1
configure: failed program was:
| /* confdefs.h */
| #define PACKAGE_NAME "ViennaRNA"
| #define PACKAGE_TARNAME "ViennaRNA"
| #define PACKAGE_VERSION "2.1.9"
| #define PACKAGE_STRING "ViennaRNA 2.1.9"
| #define PACKAGE_BUGREPORT "rna@tbi.univie.ac.at"
| #define PACKAGE_URL "http://www.tbi.univie.ac.at/RNA"
| #define PACKAGE "ViennaRNA"
| #define VERSION "2.1.9"
| #define UNUSED __attribute__ ((unused))
| #define HAVE_LIBM 1
| #define STDC_HEADERS 1
| #define HAVE_SYS_TYPES_H 1
| #define HAVE_SYS_STAT_H 1
| #define HAVE_STDLIB_H 1
| #define HAVE_STRING_H 1
| #define HAVE_MEMORY_H 1
| #define HAVE_STRINGS_H 1
| #define HAVE_INTTYPES_H 1
| #define HAVE_STDINT_H 1
| #define HAVE_UNISTD_H 1
| /* end confdefs.h.  */
| #include <stdio.h>
| #ifdef HAVE_SYS_TYPES_H
| # include <sys/types.h>
| #endif
| #ifdef HAVE_SYS_STAT_H
| # include <sys/stat.h>
| #endif
| #ifdef STDC_HEADERS
| # include <stdlib.h>
| # include <stddef.h>
| #else
| # ifdef HAVE_STDLIB_H
| #  include <stdlib.h>
| # endif
| #endif
| #ifdef HAVE_STRING_H
| # if !defined STDC_HEADERS && defined HAVE_MEMORY_H
| #  include <memory.h>
| # endif
| # include <string.h>
| #endif
| #ifdef HAVE_STRINGS_H
| # include <strings.h>
| #endif
| #ifdef HAVE_INTTYPES_H
| # include <inttypes.h>
| #endif
| #ifdef HAVE_STDINT_H
| # include <stdint.h>
| #endif
| #ifdef HAVE_UNISTD_H
| # include <unistd.h>
| #endif
| int
| main ()
| {
| if (sizeof ((_Bool)))
| 	    return 0;
|   ;
|   return 0;
| }
configure:5509: result: yes
configure:5529: checking malloc.h usability
configure:5529: gcc -c -g -O2  conftest.c >&5
configure:5529: $? = 0
configure:5529: result: yes
configure:5529: checking malloc.h presence
configure:5529: gcc -E  conftest.c
configure:5529: $? = 0
configure:5529: result: yes
configure:5529: checking for malloc.h
configure:5529: result: yes
configure:5529: checking float.h usability
configure:5529: gcc -c -g -O2  conftest.c >&5
configure:5529: $? = 0
configure:5529: result: yes
configure:5529: checking float.h presence
configure:5529: gcc -E  conftest.c
configure:5529: $? = 0
configure:5529: result: yes
configure:5529: checking for float.h
configure:5529: result: yes
configure:5529: checking limits.h usability
configure:5529: gcc -c -g -O2  conftest.c >&5
configure:5529: $? = 0
configure:5529: result: yes
configure:5529: checking limits.h presence
configure:5529: gcc -E  conftest.c
configure:5529: $? = 0
configure:5529: result: yes
configure:5529: checking for limits.h
configure:5529: result: yes
configure:5529: checking for stdlib.h
configure:5529: result: yes
configure:5529: checking for string.h
configure:5529: result: yes
configure:5529: checking for strings.h
configure:5529: result: yes
configure:5529: checking for unistd.h
configure:5529: result: yes
configure:5529: checking for unistd.h
configure:5529: result: yes
configure:5529: checking math.h usability
configure:5529: gcc -c -g -O2  conftest.c >&5
configure:5529: $? = 0
configure:5529: result: yes
configure:5529: checking math.h presence
configure:5529: gcc -E  conftest.c
configure:5529: $? = 0
configure:5529: result: yes
configure:5529: checking for math.h
configure:5529: result: yes
configure:5542: checking for stdlib.h
configure:5542: result: yes
configure:5552: checking for GNU libc compatible malloc
configure:5576: gcc -o conftest -g -O2   conftest.c -lm  >&5
configure:5576: $? = 0
configure:5576: ./conftest
configure:5576: $? = 0
configure:5586: result: yes
configure:5609: checking for stdlib.h
configure:5609: result: yes
configure:5619: checking for GNU libc compatible realloc
configure:5643: gcc -o conftest -g -O2   conftest.c -lm  >&5
configure:5643: $? = 0
configure:5643: ./conftest
configure:5643: $? = 0
configure:5653: result: yes
configure:5674: checking for working strtod
configure:5715: gcc -o conftest -g -O2   conftest.c -lm  >&5
configure:5715: $? = 0
configure:5715: ./conftest
configure:5715: $? = 0
configure:5725: result: yes
configure:5790: checking for floor
configure:5790: gcc -o conftest -g -O2   conftest.c -lm  >&5
conftest.c:61:6: warning: conflicting types for built-in function 'floor' [enabled by default]
 char floor ();
      ^
configure:5790: $? = 0
configure:5790: result: yes
configure:5790: checking for strdup
configure:5790: gcc -o conftest -g -O2   conftest.c -lm  >&5
conftest.c:62:6: warning: conflicting types for built-in function 'strdup' [enabled by default]
 char strdup ();
      ^
configure:5790: $? = 0
configure:5790: result: yes
configure:5790: checking for strstr
configure:5790: gcc -o conftest -g -O2   conftest.c -lm  >&5
conftest.c:63:6: warning: conflicting types for built-in function 'strstr' [enabled by default]
 char strstr ();
      ^
configure:5790: $? = 0
configure:5790: result: yes
configure:5790: checking for strchr
configure:5790: gcc -o conftest -g -O2   conftest.c -lm  >&5
conftest.c:64:6: warning: conflicting types for built-in function 'strchr' [enabled by default]
 char strchr ();
      ^
configure:5790: $? = 0
configure:5790: result: yes
configure:5790: checking for strrchr
configure:5790: gcc -o conftest -g -O2   conftest.c -lm  >&5
conftest.c:65:6: warning: conflicting types for built-in function 'strrchr' [enabled by default]
 char strrchr ();
      ^
configure:5790: $? = 0
configure:5790: result: yes
configure:5790: checking for strstr
configure:5790: result: yes
configure:5790: checking for strtol
configure:5790: gcc -o conftest -g -O2   conftest.c -lm  >&5
configure:5790: $? = 0
configure:5790: result: yes
configure:5790: checking for strtoul
configure:5790: gcc -o conftest -g -O2   conftest.c -lm  >&5
configure:5790: $? = 0
configure:5790: result: yes
configure:5790: checking for pow
configure:5790: gcc -o conftest -g -O2   conftest.c -lm  >&5
conftest.c:69:6: warning: conflicting types for built-in function 'pow' [enabled by default]
 char pow ();
      ^
configure:5790: $? = 0
configure:5790: result: yes
configure:5790: checking for rint
configure:5790: gcc -o conftest -g -O2   conftest.c -lm  >&5
conftest.c:70:6: warning: conflicting types for built-in function 'rint' [enabled by default]
 char rint ();
      ^
configure:5790: $? = 0
configure:5790: result: yes
configure:5790: checking for sqrt
configure:5790: gcc -o conftest -g -O2   conftest.c -lm  >&5
conftest.c:71:6: warning: conflicting types for built-in function 'sqrt' [enabled by default]
 char sqrt ();
      ^
configure:5790: $? = 0
configure:5790: result: yes
configure:5790: checking for erand48
configure:5790: gcc -o conftest -g -O2   conftest.c -lm  >&5
configure:5790: $? = 0
configure:5790: result: yes
configure:5790: checking for memset
configure:5790: gcc -o conftest -g -O2   conftest.c -lm  >&5
conftest.c:73:6: warning: conflicting types for built-in function 'memset' [enabled by default]
 char memset ();
      ^
configure:5790: $? = 0
configure:5790: result: yes
configure:5790: checking for memmove
configure:5790: gcc -o conftest -g -O2   conftest.c -lm  >&5
conftest.c:74:6: warning: conflicting types for built-in function 'memmove' [enabled by default]
 char memmove ();
      ^
configure:5790: $? = 0
configure:5790: result: yes
configure:5790: checking for erand48
configure:5790: result: yes
configure:5800: checking for an ANSI C-conforming const
configure:5866: gcc -c -g -O2  conftest.c >&5
configure:5866: $? = 0
configure:5873: result: yes
configure:5881: checking for size_t
configure:5881: gcc -c -g -O2  conftest.c >&5
configure:5881: $? = 0
configure:5881: gcc -c -g -O2  conftest.c >&5
conftest.c: In function 'main':
conftest.c:89:21: error: expected expression before ')' token
 if (sizeof ((size_t)))
                     ^
configure:5881: $? = 1
configure: failed program was:
| /* confdefs.h */
| #define PACKAGE_NAME "ViennaRNA"
| #define PACKAGE_TARNAME "ViennaRNA"
| #define PACKAGE_VERSION "2.1.9"
| #define PACKAGE_STRING "ViennaRNA 2.1.9"
| #define PACKAGE_BUGREPORT "rna@tbi.univie.ac.at"
| #define PACKAGE_URL "http://www.tbi.univie.ac.at/RNA"
| #define PACKAGE "ViennaRNA"
| #define VERSION "2.1.9"
| #define UNUSED __attribute__ ((unused))
| #define HAVE_LIBM 1
| #define STDC_HEADERS 1
| #define HAVE_SYS_TYPES_H 1
| #define HAVE_SYS_STAT_H 1
| #define HAVE_STDLIB_H 1
| #define HAVE_STRING_H 1
| #define HAVE_MEMORY_H 1
| #define HAVE_STRINGS_H 1
| #define HAVE_INTTYPES_H 1
| #define HAVE_STDINT_H 1
| #define HAVE_UNISTD_H 1
| #define HAVE__BOOL 1
| #define HAVE_STDBOOL_H 1
| #define HAVE_MALLOC_H 1
| #define HAVE_FLOAT_H 1
| #define HAVE_LIMITS_H 1
| #define HAVE_STDLIB_H 1
| #define HAVE_STRING_H 1
| #define HAVE_STRINGS_H 1
| #define HAVE_UNISTD_H 1
| #define HAVE_UNISTD_H 1
| #define HAVE_MATH_H 1
| #define HAVE_STDLIB_H 1
| #define HAVE_MALLOC 1
| #define HAVE_STDLIB_H 1
| #define HAVE_REALLOC 1
| #define HAVE_FLOOR 1
| #define HAVE_STRDUP 1
| #define HAVE_STRSTR 1
| #define HAVE_STRCHR 1
| #define HAVE_STRRCHR 1
| #define HAVE_STRSTR 1
| #define HAVE_STRTOL 1
| #define HAVE_STRTOUL 1
| #define HAVE_POW 1
| #define HAVE_RINT 1
| #define HAVE_SQRT 1
| #define HAVE_ERAND48 1
| #define HAVE_MEMSET 1
| #define HAVE_MEMMOVE 1
| #define HAVE_ERAND48 1
| /* end confdefs.h.  */
| #include <stdio.h>
| #ifdef HAVE_SYS_TYPES_H
| # include <sys/types.h>
| #endif
| #ifdef HAVE_SYS_STAT_H
| # include <sys/stat.h>
| #endif
| #ifdef STDC_HEADERS
| # include <stdlib.h>
| # include <stddef.h>
| #else
| # ifdef HAVE_STDLIB_H
| #  include <stdlib.h>
| # endif
| #endif
| #ifdef HAVE_STRING_H
| # if !defined STDC_HEADERS && defined HAVE_MEMORY_H
| #  include <memory.h>
| # endif
| # include <string.h>
| #endif
| #ifdef HAVE_STRINGS_H
| # include <strings.h>
| #endif
| #ifdef HAVE_INTTYPES_H
| # include <inttypes.h>
| #endif
| #ifdef HAVE_STDINT_H
| # include <stdint.h>
| #endif
| #ifdef HAVE_UNISTD_H
| # include <unistd.h>
| #endif
| int
| main ()
| {
| if (sizeof ((size_t)))
| 	    return 0;
|   ;
|   return 0;
| }
configure:5881: result: yes
configure:5892: checking for inline
configure:5908: gcc -c -g -O2  conftest.c >&5
configure:5908: $? = 0
configure:5916: result: inline
configure:5963: checking for interfaces/Perl/Makefile.am
configure:5966: result: yes
configure:6077: checking for Kinfold/Makefile.am
configure:6080: result: yes
configure:6115: checking for RNAforester/Makefile.am
configure:6118: result: yes
configure:6191: checking for libsvm-2.91/svm.cpp
configure:6194: result: yes
configure:6191: checking for libsvm-2.91/svm.h
configure:6194: result: yes
configure:6329: checking whether float precision is used for partition function arrays instead of double precision
configure:6336: result: no
configure:6342: checking for perl
configure:6360: found /usr/bin/perl
configure:6372: result: /usr/bin/perl
configure:6408: checking for python
configure:6426: found /usr/bin/python
configure:6438: result: /usr/bin/python
configure:6575: checking for doxygen
configure:6606: result: no
configure:6616: checking for pdflatex
configure:6647: result: no
configure:6657: checking for latex
configure:6688: result: no
configure:6698: checking for makeindex
configure:6729: result: no
configure:6739: checking for dot
configure:6770: result: no
configure:6780: checking for egrep
configure:6798: found /bin/egrep
configure:6811: result: /bin/egrep
configure:6821: checking for perl
configure:6839: found /usr/bin/perl
configure:6852: result: /usr/bin/perl
configure:6993: checking for doc/RNAlib-2.1.9.pdf
configure:6996: result: yes
configure:7012: checking for doc/html/index.html
configure:7015: result: yes
configure:7202: checking that generated files are newer than configure
configure:7208: result: done
configure:7271: creating ./config.status

## ---------------------- ##
## Running config.status. ##
## ---------------------- ##

This file was extended by ViennaRNA config.status 2.1.9, which was
generated by GNU Autoconf 2.69.  Invocation command line was

  CONFIG_FILES    = 
  CONFIG_HEADERS  = 
  CONFIG_LINKS    = 
  CONFIG_COMMANDS = 
  $ ./config.status 

on tefor.net

config.status:972: creating interfaces/Perl/Makefile
config.status:972: creating interfaces/Perl/Makefile.PL
config.status:972: creating misc/Makefile
config.status:972: creating misc/ViennaRNA.spec
config.status:972: creating misc/PKGBUILD
config.status:972: creating interfaces/Makefile
config.status:972: creating Makefile
config.status:972: creating RNAlib2.pc
config.status:972: creating Utils/Makefile
config.status:972: creating Progs/Makefile
config.status:972: creating lib/Makefile
config.status:972: creating man/Makefile
config.status:972: creating H/Makefile
config.status:972: creating doc/Makefile
config.status:972: creating man/cmdlopt.sh
config.status:972: creating config.h
config.status:1201: executing depfiles commands
configure:8673: === configuring in Kinfold (/home/max/crisporMax/bin/src/ViennaRNA-2.1.9/Kinfold)
configure:8736: running /bin/sh ./configure --disable-option-checking '--prefix=/usr/local'  --cache-file=/dev/null --srcdir=.
configure:8673: === configuring in RNAforester (/home/max/crisporMax/bin/src/ViennaRNA-2.1.9/RNAforester)
configure:8736: running /bin/sh ./configure --disable-option-checking '--prefix=/usr/local'  --cache-file=/dev/null --srcdir=.
configure:8797:
Configure successful with the following options:

RNAlib Interfaces:
  Perl Interface:       yes
  Python Interface:     no
  Ruby Interface:       no

Extra Programs:
  Analyse{Dists,Seqs}:  no
  Kinfold:              yes
  RNAforester:          yes

Other Options:
  SVM:                  yes
  Documentation:        yes
    (HTML):             yes
    (PDF):              yes
-
Files will be installed in the following directories:

  Executables:    /usr/local/bin
  Libraries:      /usr/local/lib
  Header files:   /usr/local/include
  Extra Data:     /usr/local/share
  Man pages:      /usr/local/share/man
  Documentation:  /usr/local/share/doc/ViennaRNA
    (HTML):       /usr/local/share/doc/ViennaRNA/html
    (PDF):        /usr/local/share/doc/ViennaRNA


## ---------------- ##
## Cache variables. ##
## ---------------- ##

ac_cv_build=x86_64-unknown-linux-gnu
ac_cv_c_compiler_gnu=yes
ac_cv_c_const=yes
ac_cv_c_inline=inline
ac_cv_cxx_compiler_gnu=yes
ac_cv_env_CCC_set=
ac_cv_env_CCC_value=
ac_cv_env_CC_set=
ac_cv_env_CC_value=
ac_cv_env_CFLAGS_set=
ac_cv_env_CFLAGS_value=
ac_cv_env_CPPFLAGS_set=
ac_cv_env_CPPFLAGS_value=
ac_cv_env_CPP_set=
ac_cv_env_CPP_value=
ac_cv_env_CXXCPP_set=
ac_cv_env_CXXCPP_value=
ac_cv_env_CXXFLAGS_set=
ac_cv_env_CXXFLAGS_value=
ac_cv_env_CXX_set=
ac_cv_env_CXX_value=
ac_cv_env_FPIC_set=
ac_cv_env_FPIC_value=
ac_cv_env_LDFLAGS_set=
ac_cv_env_LDFLAGS_value=
ac_cv_env_LIBS_set=
ac_cv_env_LIBS_value=
ac_cv_env_PERLPREFIX_set=
ac_cv_env_PERLPREFIX_value=
ac_cv_env_build_alias_set=
ac_cv_env_build_alias_value=
ac_cv_env_host_alias_set=
ac_cv_env_host_alias_value=
ac_cv_env_target_alias_set=
ac_cv_env_target_alias_value=
ac_cv_func_erand48=yes
ac_cv_func_floor=yes
ac_cv_func_malloc_0_nonnull=yes
ac_cv_func_memmove=yes
ac_cv_func_memset=yes
ac_cv_func_pow=yes
ac_cv_func_realloc_0_nonnull=yes
ac_cv_func_rint=yes
ac_cv_func_sqrt=yes
ac_cv_func_strchr=yes
ac_cv_func_strdup=yes
ac_cv_func_strrchr=yes
ac_cv_func_strstr=yes
ac_cv_func_strtod=yes
ac_cv_func_strtol=yes
ac_cv_func_strtoul=yes
ac_cv_header_float_h=yes
ac_cv_header_inttypes_h=yes
ac_cv_header_limits_h=yes
ac_cv_header_malloc_h=yes
ac_cv_header_math_h=yes
ac_cv_header_memory_h=yes
ac_cv_header_stdbool_h=yes
ac_cv_header_stdc=yes
ac_cv_header_stdint_h=yes
ac_cv_header_stdlib_h=yes
ac_cv_header_string_h=yes
ac_cv_header_strings_h=yes
ac_cv_header_sys_stat_h=yes
ac_cv_header_sys_types_h=yes
ac_cv_header_unistd_h=yes
ac_cv_host=x86_64-unknown-linux-gnu
ac_cv_lib_m_exp=yes
ac_cv_objext=o
ac_cv_path_EGREP='/bin/grep -E'
ac_cv_path_GREP=/bin/grep
ac_cv_path_PerlCmd=/usr/bin/perl
ac_cv_path_PythonCmd=/usr/bin/python
ac_cv_path_dot=no
ac_cv_path_doxygen=no
ac_cv_path_egrep=/bin/egrep
ac_cv_path_install='/usr/bin/install -c'
ac_cv_path_latex=no
ac_cv_path_makeindex=no
ac_cv_path_mkdir=/bin/mkdir
ac_cv_path_pdflatex=no
ac_cv_path_perl=/usr/bin/perl
ac_cv_prog_AWK=gawk
ac_cv_prog_CPP='gcc -E'
ac_cv_prog_CXXCPP='g++ -E'
ac_cv_prog_ac_ct_CC=gcc
ac_cv_prog_ac_ct_CXX=g++
ac_cv_prog_ac_ct_RANLIB=ranlib
ac_cv_prog_c_openmp=-fopenmp
ac_cv_prog_cc_c89=
ac_cv_prog_cc_fpic=yes
ac_cv_prog_cc_g=yes
ac_cv_prog_cc_gcc_c_o=yes
ac_cv_prog_cxx_g=yes
ac_cv_prog_make_make_set=yes
ac_cv_type__Bool=yes
ac_cv_type_size_t=yes
am_cv_CC_dependencies_compiler_type=gcc3
am_cv_CXX_dependencies_compiler_type=gcc3
am_cv_make_support_nested_variables=no

## ----------------- ##
## Output variables. ##
## ----------------- ##

ACLOCAL='aclocal-1.13'
AMDEPBACKSLASH='\'
AMDEP_FALSE='#'
AMDEP_TRUE=''
AMTAR='$${TAR-tar}'
AM_BACKSLASH='\'
AM_DEFAULT_V='0'
AM_DEFAULT_VERBOSITY='0'
AM_V='0'
AUTOCONF='autoconf'
AUTOHEADER='autoheader'
AUTOMAKE='automake-1.13'
AWK='gawk'
CC='gcc'
CCDEPMODE='depmode=gcc3'
CFLAGS='-g -O2'
CLUSTER_DIR=''
CPP='gcc -E'
CPPFLAGS=''
CXX='g++'
CXXCPP='g++ -E'
CXXDEPMODE='depmode=gcc3'
CXXFLAGS='-g -O2'
CXXLD='g++'
CYGPATH_W='echo'
DEFS='-DHAVE_CONFIG_H'
DEPDIR='.deps'
DOXYGEN_CMD_LATEX=''
DOXYGEN_CMD_MAKEINDEX=''
DOXYGEN_CONF='doxygen.conf'
DOXYGEN_DOCDIR='doc'
DOXYGEN_GENERATE_HTML=''
DOXYGEN_GENERATE_LATEX=''
DOXYGEN_HAVE_DOT=''
DOXYGEN_PROJECT_NAME='RNAlib-2.1.9'
DOXYGEN_SRCDIR='.'
DOXYGEN_WITH_PDFLATEX=''
ECHO_C=''
ECHO_N='-n'
ECHO_T=''
EGREP='/bin/grep -E'
EXEEXT=''
FPIC='-fpic'
GREP='/bin/grep'
INSTALL_DATA='${INSTALL} -m 644'
INSTALL_PROGRAM='${INSTALL}'
INSTALL_SCRIPT='${INSTALL}'
INSTALL_STRIP_PROGRAM='$(install_sh) -c -s'
ISODATE='2017-08-05'
LDFLAGS=''
LIBGOMPFLAG='-lgomp'
LIBOBJS=''
LIBS='-lm '
LIBSVM_DIR='libsvm-2.91'
LTLIBOBJS=''
MAKEINFO='makeinfo'
MAKE_CLUSTER_FALSE=''
MAKE_CLUSTER_TRUE='#'
MAKE_FORESTER_FALSE='#'
MAKE_FORESTER_TRUE=''
MAKE_KINFOLD_FALSE='#'
MAKE_KINFOLD_TRUE=''
MKDIR_P='/bin/mkdir -p'
OBJEXT='o'
OPENMP_CFLAGS='-fopenmp'
PACKAGE='ViennaRNA'
PACKAGE_BUGREPORT='rna@tbi.univie.ac.at'
PACKAGE_NAME='ViennaRNA'
PACKAGE_STRING='ViennaRNA 2.1.9'
PACKAGE_TARNAME='ViennaRNA'
PACKAGE_URL='http://www.tbi.univie.ac.at/RNA'
PACKAGE_VERSION='2.1.9'
PATH_SEPARATOR=':'
PERLPREFIX=''
PERL_INTERFACE='Perl'
POW_LIB=''
PYTHON_INTERFACE=''
PerlCmd='/usr/bin/perl'
PythonCmd='/usr/bin/python'
RANLIB='ranlib'
REFERENCE_MANUAL_PDF_NAME='RNAlib-2.1.9.pdf'
REFERENCE_MANUAL_TAGFILE='RNAlib-2.1.9.tag'
SET_MAKE=''
SHELL='/bin/sh'
STRIP=''
VERSION='2.1.9'
WITH_LARGE_PF_FALSE='#'
WITH_LARGE_PF_TRUE=''
WITH_LIBSVM_FALSE='#'
WITH_LIBSVM_TRUE=''
WITH_REFERENCE_MANUAL_BUILD_FALSE=''
WITH_REFERENCE_MANUAL_BUILD_TRUE='#'
WITH_REFERENCE_MANUAL_FALSE='#'
WITH_REFERENCE_MANUAL_HTML_FALSE='#'
WITH_REFERENCE_MANUAL_HTML_TRUE=''
WITH_REFERENCE_MANUAL_PDF_FALSE='#'
WITH_REFERENCE_MANUAL_PDF_TRUE=''
WITH_REFERENCE_MANUAL_TRUE=''
ac_ct_CC='gcc'
ac_ct_CXX='g++'
am__EXEEXT_FALSE=''
am__EXEEXT_TRUE='#'
am__fastdepCC_FALSE='#'
am__fastdepCC_TRUE=''
am__fastdepCXX_FALSE='#'
am__fastdepCXX_TRUE=''
am__include='include'
am__isrc=''
am__leading_dot='.'
am__nodep='_no'
am__quote=''
am__tar='$${TAR-tar} chof - "$$tardir"'
am__untar='$${TAR-tar} xf -'
bindir='${exec_prefix}/bin'
build='x86_64-unknown-linux-gnu'
build_alias=''
build_cpu='x86_64'
build_os='linux-gnu'
build_vendor='unknown'
datadir='${datarootdir}'
datarootdir='${prefix}/share'
docdir='${datarootdir}/doc/${PACKAGE_TARNAME}'
dot='no'
doxygen='no'
dvidir='${docdir}'
egrep='/bin/egrep'
exec_prefix='${prefix}'
host='x86_64-unknown-linux-gnu'
host_alias=''
host_cpu='x86_64'
host_os='linux-gnu'
host_vendor='unknown'
htmldir='${docdir}'
includedir='${prefix}/include'
infodir='${datarootdir}/info'
install_sh='${SHELL} /home/max/crisporMax/bin/src/ViennaRNA-2.1.9/config/install-sh'
latex='no'
libdir='${exec_prefix}/lib'
libexecdir='${exec_prefix}/libexec'
localedir='${datarootdir}/locale'
localstatedir='${prefix}/var'
makeindex='no'
mandir='${datarootdir}/man'
mkdir_p='$(MKDIR_P)'
oldincludedir='/usr/include'
pdfdir='${docdir}'
pdflatex='no'
perl='/usr/bin/perl'
prefix='/usr/local'
program_transform_name='s,x,x,'
psdir='${docdir}'
sbindir='${exec_prefix}/sbin'
sharedstatedir='${prefix}/com'
subdirs=' Kinfold RNAforester'
sysconfdir='${prefix}/etc'
target_alias=''

## ----------- ##
## confdefs.h. ##
## ----------- ##

/* confdefs.h */
#define PACKAGE_NAME "ViennaRNA"
#define PACKAGE_TARNAME "ViennaRNA"
#define PACKAGE_VERSION "2.1.9"
#define PACKAGE_STRING "ViennaRNA 2.1.9"
#define PACKAGE_BUGREPORT "rna@tbi.univie.ac.at"
#define PACKAGE_URL "http://www.tbi.univie.ac.at/RNA"
#define PACKAGE "ViennaRNA"
#define VERSION "2.1.9"
#define UNUSED __attribute__ ((unused))
#define HAVE_LIBM 1
#define STDC_HEADERS 1
#define HAVE_SYS_TYPES_H 1
#define HAVE_SYS_STAT_H 1
#define HAVE_STDLIB_H 1
#define HAVE_STRING_H 1
#define HAVE_MEMORY_H 1
#define HAVE_STRINGS_H 1
#define HAVE_INTTYPES_H 1
#define HAVE_STDINT_H 1
#define HAVE_UNISTD_H 1
#define HAVE__BOOL 1
#define HAVE_STDBOOL_H 1
#define HAVE_MALLOC_H 1
#define HAVE_FLOAT_H 1
#define HAVE_LIMITS_H 1
#define HAVE_STDLIB_H 1
#define HAVE_STRING_H 1
#define HAVE_STRINGS_H 1
#define HAVE_UNISTD_H 1
#define HAVE_UNISTD_H 1
#define HAVE_MATH_H 1
#define HAVE_STDLIB_H 1
#define HAVE_MALLOC 1
#define HAVE_STDLIB_H 1
#define HAVE_REALLOC 1
#define HAVE_FLOOR 1
#define HAVE_STRDUP 1
#define HAVE_STRSTR 1
#define HAVE_STRCHR 1
#define HAVE_STRRCHR 1
#define HAVE_STRSTR 1
#define HAVE_STRTOL 1
#define HAVE_STRTOUL 1
#define HAVE_POW 1
#define HAVE_RINT 1
#define HAVE_SQRT 1
#define HAVE_ERAND48 1
#define HAVE_MEMSET 1
#define HAVE_MEMMOVE 1
#define HAVE_ERAND48 1
#define WITH_PERL_INTERFACE 1
#define USE_SVM 1

configure: exit 0
